16:19:33.377 [main] INFO  testCases.TC002_LoginTest - *****Starting TC002_LoginTest****
16:19:35.942 [main] INFO  testCases.TC002_LoginTest - ****Finished TC_002_Logintest****
16:20:07.482 [main] INFO  testCases.TC001_AccountRegistrationTest - ***** Starting TC001_AccountRegistrationTest *****
16:20:07.915 [main] INFO  testCases.TC001_AccountRegistrationTest - Clicked on MyAccount Link...
16:20:10.294 [main] INFO  testCases.TC001_AccountRegistrationTest - Clicked on Register Link...
16:20:10.299 [main] INFO  testCases.TC001_AccountRegistrationTest - providing customer details...
16:20:12.099 [main] INFO  testCases.TC001_AccountRegistrationTest - Validating expected message
16:20:12.198 [main] INFO  testCases.TC001_AccountRegistrationTest - **** Finished Starting TC001_AccountRegistrationTest***** 
16:20:20.308 [main] INFO  testCases.TC002_LoginTest - *****Starting TC002_LoginTest****
16:20:22.504 [main] INFO  testCases.TC002_LoginTest - ****Finished TC_002_Logintest****
16:25:39.724 [main] INFO  testCases.TC001_AccountRegistrationTest - ***** Starting TC001_AccountRegistrationTest *****
16:25:40.139 [main] INFO  testCases.TC001_AccountRegistrationTest - Clicked on MyAccount Link...
16:25:41.094 [main] INFO  testCases.TC001_AccountRegistrationTest - Clicked on Register Link...
16:25:41.100 [main] INFO  testCases.TC001_AccountRegistrationTest - providing customer details...
16:25:44.214 [main] INFO  testCases.TC001_AccountRegistrationTest - Validating expected message
16:25:44.306 [main] INFO  testCases.TC001_AccountRegistrationTest - **** Finished Starting TC001_AccountRegistrationTest***** 
16:25:47.351 [main] INFO  testCases.TC002_LoginTest - *****Starting TC002_LoginTest****
16:25:50.086 [main] INFO  testCases.TC002_LoginTest - ****Finished TC_002_Logintest****
16:26:00.252 [main] INFO  testCases.TC001_AccountRegistrationTest - ***** Starting TC001_AccountRegistrationTest *****
16:26:00.732 [main] INFO  testCases.TC001_AccountRegistrationTest - Clicked on MyAccount Link...
16:26:01.645 [main] INFO  testCases.TC001_AccountRegistrationTest - Clicked on Register Link...
16:26:01.649 [main] INFO  testCases.TC001_AccountRegistrationTest - providing customer details...
16:26:03.494 [main] INFO  testCases.TC001_AccountRegistrationTest - Validating expected message
16:26:03.562 [main] INFO  testCases.TC001_AccountRegistrationTest - **** Finished Starting TC001_AccountRegistrationTest***** 
16:26:11.448 [main] INFO  testCases.TC002_LoginTest - *****Starting TC002_LoginTest****
16:26:13.991 [main] INFO  testCases.TC002_LoginTest - ****Finished TC_002_Logintest****
18:19:54.452 [main] INFO  testCases.TC001_AccountRegistrationTest - ***** Starting TC001_AccountRegistrationTest *****
18:19:54.806 [main] INFO  testCases.TC001_AccountRegistrationTest - Clicked on MyAccount Link...
18:19:55.543 [main] INFO  testCases.TC001_AccountRegistrationTest - Clicked on Register Link...
18:19:55.548 [main] INFO  testCases.TC001_AccountRegistrationTest - providing customer details...
18:19:58.469 [main] INFO  testCases.TC001_AccountRegistrationTest - Validating expected message
18:19:58.574 [main] INFO  testCases.TC001_AccountRegistrationTest - **** Finished Starting TC001_AccountRegistrationTest***** 
18:20:01.666 [main] INFO  testCases.TC002_LoginTest - *****Starting TC002_LoginTest****
18:20:04.158 [main] INFO  testCases.TC002_LoginTest - ****Finished TC_002_Logintest****
18:20:18.537 [main] INFO  testCases.TC001_AccountRegistrationTest - ***** Starting TC001_AccountRegistrationTest *****
18:20:19.032 [main] INFO  testCases.TC001_AccountRegistrationTest - Clicked on MyAccount Link...
18:20:20.237 [main] INFO  testCases.TC001_AccountRegistrationTest - Clicked on Register Link...
18:20:20.269 [main] INFO  testCases.TC001_AccountRegistrationTest - providing customer details...
18:20:22.750 [main] INFO  testCases.TC001_AccountRegistrationTest - Validating expected message
18:20:22.851 [main] INFO  testCases.TC001_AccountRegistrationTest - **** Finished Starting TC001_AccountRegistrationTest***** 
18:20:31.486 [main] INFO  testCases.TC002_LoginTest - *****Starting TC002_LoginTest****
18:20:34.266 [main] INFO  testCases.TC002_LoginTest - ****Finished TC_002_Logintest****
18:20:50.367 [main] INFO  testCases.TC001_AccountRegistrationTest - ***** Starting TC001_AccountRegistrationTest *****
18:20:50.691 [main] INFO  testCases.TC001_AccountRegistrationTest - Clicked on MyAccount Link...
18:20:51.437 [main] INFO  testCases.TC001_AccountRegistrationTest - Clicked on Register Link...
18:20:51.441 [main] INFO  testCases.TC001_AccountRegistrationTest - providing customer details...
18:20:54.064 [main] INFO  testCases.TC001_AccountRegistrationTest - Validating expected message
18:20:54.203 [main] INFO  testCases.TC001_AccountRegistrationTest - **** Finished Starting TC001_AccountRegistrationTest***** 
18:20:57.133 [main] INFO  testCases.TC002_LoginTest - *****Starting TC002_LoginTest****
18:20:59.531 [main] INFO  testCases.TC002_LoginTest - ****Finished TC_002_Logintest****
