19:19:55.647 [TestNG-tests-2] INFO  testCases.TC001_AccountRegistrationTest - Clicked on MyAccount Link...
19:19:55.795 [TestNG-tests-1] INFO  testCases.TC001_AccountRegistrationTest - Clicked on MyAccount Link...
19:20:36.564 [TestNG-tests-3] INFO  testCases.TC001_AccountRegistrationTest - ***** Starting TC001_AccountRegistrationTest *****
19:20:36.721 [TestNG-tests-3] INFO  testCases.TC001_AccountRegistrationTest - Clicked on MyAccount Link...
19:20:37.508 [TestNG-tests-3] INFO  testCases.TC001_AccountRegistrationTest - Clicked on Register Link...
19:20:37.514 [TestNG-tests-3] INFO  testCases.TC001_AccountRegistrationTest - providing customer details...
19:20:39.274 [TestNG-tests-3] INFO  testCases.TC001_AccountRegistrationTest - Validating expected message
19:20:39.321 [TestNG-tests-3] INFO  testCases.TC001_AccountRegistrationTest - **** Finished Starting TC001_AccountRegistrationTest***** 
19:36:06.289 [main] INFO  testCases.TC001_AccountRegistrationTest - ***** Starting TC001_AccountRegistrationTest *****
19:36:07.070 [main] INFO  testCases.TC001_AccountRegistrationTest - Clicked on MyAccount Link...
19:36:07.764 [main] INFO  testCases.TC001_AccountRegistrationTest - Clicked on Register Link...
19:36:07.768 [main] INFO  testCases.TC001_AccountRegistrationTest - providing customer details...
19:36:10.131 [main] INFO  testCases.TC001_AccountRegistrationTest - Validating expected message
19:36:10.248 [main] INFO  testCases.TC001_AccountRegistrationTest - **** Finished Starting TC001_AccountRegistrationTest***** 
19:36:13.284 [main] INFO  testCases.TC002_LoginTest - *****Starting TC002_LoginTest****
19:36:15.979 [main] INFO  testCases.TC002_LoginTest - ****Finished TC_002_Logintest****
19:37:38.970 [main] INFO  testCases.TC001_AccountRegistrationTest - ***** Starting TC001_AccountRegistrationTest *****
19:37:39.176 [main] INFO  testCases.TC001_AccountRegistrationTest - Clicked on MyAccount Link...
19:37:39.754 [main] INFO  testCases.TC001_AccountRegistrationTest - Clicked on Register Link...
19:37:39.761 [main] INFO  testCases.TC001_AccountRegistrationTest - providing customer details...
19:37:41.076 [main] INFO  testCases.TC001_AccountRegistrationTest - Validating expected message
19:37:41.952 [main] INFO  testCases.TC001_AccountRegistrationTest - **** Finished Starting TC001_AccountRegistrationTest***** 
19:37:44.921 [main] INFO  testCases.TC002_LoginTest - *****Starting TC002_LoginTest****
19:37:47.783 [main] INFO  testCases.TC002_LoginTest - ****Finished TC_002_Logintest****
19:46:24.904 [main] INFO  testCases.TC001_AccountRegistrationTest - ***** Starting TC001_AccountRegistrationTest *****
19:46:25.680 [main] INFO  testCases.TC001_AccountRegistrationTest - Clicked on MyAccount Link...
19:46:26.294 [main] INFO  testCases.TC001_AccountRegistrationTest - Clicked on Register Link...
19:46:26.299 [main] INFO  testCases.TC001_AccountRegistrationTest - providing customer details...
19:46:28.727 [main] INFO  testCases.TC001_AccountRegistrationTest - Validating expected message
19:46:28.841 [main] INFO  testCases.TC001_AccountRegistrationTest - **** Finished Starting TC001_AccountRegistrationTest***** 
19:46:31.931 [main] INFO  testCases.TC002_LoginTest - *****Starting TC002_LoginTest****
19:46:35.005 [main] INFO  testCases.TC002_LoginTest - ****Finished TC_002_Logintest****
11:27:23.288 [main] INFO  testCases.TC001_AccountRegistrationTest - ***** Starting TC001_AccountRegistrationTest *****
11:27:23.870 [main] INFO  testCases.TC001_AccountRegistrationTest - Clicked on MyAccount Link...
11:27:24.697 [main] INFO  testCases.TC001_AccountRegistrationTest - Clicked on Register Link...
11:27:24.734 [main] INFO  testCases.TC001_AccountRegistrationTest - providing customer details...
11:27:27.882 [main] INFO  testCases.TC001_AccountRegistrationTest - Validating expected message
11:27:27.989 [main] INFO  testCases.TC001_AccountRegistrationTest - **** Finished Starting TC001_AccountRegistrationTest***** 
11:27:32.008 [main] INFO  testCases.TC002_LoginTest - *****Starting TC002_LoginTest****
11:27:34.411 [main] INFO  testCases.TC002_LoginTest - ****Finished TC_002_Logintest****
11:36:43.900 [main] INFO  testCases.TC001_AccountRegistrationTest - ***** Starting TC001_AccountRegistrationTest *****
11:36:44.193 [main] INFO  testCases.TC001_AccountRegistrationTest - Clicked on MyAccount Link...
11:36:44.827 [main] INFO  testCases.TC001_AccountRegistrationTest - Clicked on Register Link...
11:36:44.833 [main] INFO  testCases.TC001_AccountRegistrationTest - providing customer details...
11:36:46.583 [main] INFO  testCases.TC001_AccountRegistrationTest - Validating expected message
11:36:48.061 [main] INFO  testCases.TC001_AccountRegistrationTest - **** Finished Starting TC001_AccountRegistrationTest***** 
11:36:51.782 [main] INFO  testCases.TC002_LoginTest - *****Starting TC002_LoginTest****
11:36:54.141 [main] INFO  testCases.TC002_LoginTest - ****Finished TC_002_Logintest****
11:37:32.319 [TestNG-tests-2] INFO  testCases.TC001_AccountRegistrationTest - ***** Starting TC001_AccountRegistrationTest *****
11:37:32.319 [TestNG-tests-1] INFO  testCases.TC001_AccountRegistrationTest - ***** Starting TC001_AccountRegistrationTest *****
