21:44:21.376 [main] INFO  testCases.TC001_AccountRegistrationTest - ***** Starting TC001_AccountRegistrationTest *****
21:44:22.193 [main] INFO  testCases.TC001_AccountRegistrationTest - Clicked on MyAccount Link...
21:44:22.821 [main] INFO  testCases.TC001_AccountRegistrationTest - Clicked on Register Link...
21:44:22.826 [main] INFO  testCases.TC001_AccountRegistrationTest - providing customer details...
21:44:25.219 [main] INFO  testCases.TC001_AccountRegistrationTest - Validating expected message
21:44:25.330 [main] INFO  testCases.TC001_AccountRegistrationTest - **** Finished Starting TC001_AccountRegistrationTest***** 
21:44:57.418 [main] INFO  testCases.TC001_AccountRegistrationTest - ***** Starting TC001_AccountRegistrationTest *****
21:44:57.697 [main] INFO  testCases.TC001_AccountRegistrationTest - Clicked on MyAccount Link...
21:44:58.455 [main] INFO  testCases.TC001_AccountRegistrationTest - Clicked on Register Link...
21:44:58.460 [main] INFO  testCases.TC001_AccountRegistrationTest - providing customer details...
21:45:00.480 [main] INFO  testCases.TC001_AccountRegistrationTest - Validating expected message
21:45:00.571 [main] INFO  testCases.TC001_AccountRegistrationTest - **** Finished Starting TC001_AccountRegistrationTest***** 
21:49:47.074 [main] INFO  testCases.TC001_AccountRegistrationTest - ***** Starting TC001_AccountRegistrationTest *****
21:49:47.427 [main] INFO  testCases.TC001_AccountRegistrationTest - Clicked on MyAccount Link...
21:49:47.931 [main] INFO  testCases.TC001_AccountRegistrationTest - Clicked on Register Link...
21:49:47.934 [main] INFO  testCases.TC001_AccountRegistrationTest - providing customer details...
21:49:49.993 [main] INFO  testCases.TC001_AccountRegistrationTest - Validating expected message
21:49:50.086 [main] INFO  testCases.TC001_AccountRegistrationTest - **** Finished Starting TC001_AccountRegistrationTest***** 
21:49:55.739 [main] INFO  testCases.TC001_AccountRegistrationTest - ***** Starting TC001_AccountRegistrationTest *****
21:49:56.622 [main] INFO  testCases.TC001_AccountRegistrationTest - Clicked on MyAccount Link...
21:49:57.543 [main] INFO  testCases.TC001_AccountRegistrationTest - Clicked on Register Link...
21:49:57.544 [main] INFO  testCases.TC001_AccountRegistrationTest - providing customer details...
21:50:00.294 [main] INFO  testCases.TC001_AccountRegistrationTest - Validating expected message
21:50:00.397 [main] INFO  testCases.TC001_AccountRegistrationTest - **** Finished Starting TC001_AccountRegistrationTest***** 
21:50:11.314 [main] INFO  testCases.TC001_AccountRegistrationTest - ***** Starting TC001_AccountRegistrationTest *****
21:50:12.183 [main] INFO  testCases.TC001_AccountRegistrationTest - Clicked on MyAccount Link...
21:50:12.851 [main] INFO  testCases.TC001_AccountRegistrationTest - Clicked on Register Link...
21:50:12.852 [main] INFO  testCases.TC001_AccountRegistrationTest - providing customer details...
21:50:18.037 [main] INFO  testCases.TC001_AccountRegistrationTest - Validating expected message
21:50:18.114 [main] INFO  testCases.TC001_AccountRegistrationTest - **** Finished Starting TC001_AccountRegistrationTest***** 
21:52:31.868 [TestNG-tests-2] INFO  testCases.TC001_AccountRegistrationTest - ***** Starting TC001_AccountRegistrationTest *****
21:52:32.232 [TestNG-tests-1] INFO  testCases.TC001_AccountRegistrationTest - ***** Starting TC001_AccountRegistrationTest *****
21:52:32.853 [TestNG-tests-2] INFO  testCases.TC001_AccountRegistrationTest - Clicked on MyAccount Link...
21:52:33.171 [TestNG-tests-1] INFO  testCases.TC001_AccountRegistrationTest - Clicked on MyAccount Link...
21:52:37.399 [TestNG-tests-2] INFO  testCases.TC001_AccountRegistrationTest - Clicked on Register Link...
21:52:37.438 [TestNG-tests-2] INFO  testCases.TC001_AccountRegistrationTest - providing customer details...
21:52:38.445 [TestNG-tests-1] INFO  testCases.TC001_AccountRegistrationTest - Clicked on Register Link...
21:52:38.445 [TestNG-tests-1] INFO  testCases.TC001_AccountRegistrationTest - providing customer details...
21:52:41.729 [TestNG-tests-3] INFO  testCases.TC001_AccountRegistrationTest - ***** Starting TC001_AccountRegistrationTest *****
21:52:43.005 [TestNG-tests-3] INFO  testCases.TC001_AccountRegistrationTest - Clicked on MyAccount Link...
21:52:44.478 [TestNG-tests-3] INFO  testCases.TC001_AccountRegistrationTest - Clicked on Register Link...
21:52:44.478 [TestNG-tests-3] INFO  testCases.TC001_AccountRegistrationTest - providing customer details...
21:52:48.608 [TestNG-tests-2] INFO  testCases.TC001_AccountRegistrationTest - Validating expected message
21:52:49.357 [TestNG-tests-2] INFO  testCases.TC001_AccountRegistrationTest - **** Finished Starting TC001_AccountRegistrationTest***** 
21:52:51.527 [TestNG-tests-1] INFO  testCases.TC001_AccountRegistrationTest - Validating expected message
21:52:52.252 [TestNG-tests-1] INFO  testCases.TC001_AccountRegistrationTest - **** Finished Starting TC001_AccountRegistrationTest***** 
