12:04:55.490 [main] INFO  testCases.TC001_AccountRegistrationTest - Clicked on Register Link...
12:04:55.518 [main] INFO  testCases.TC001_AccountRegistrationTest - providing customer details...
12:04:57.872 [main] INFO  testCases.TC001_AccountRegistrationTest - Validating expected message
12:04:58.111 [main] INFO  testCases.TC001_AccountRegistrationTest - **** Finished Starting TC001_AccountRegistrationTest***** 
12:05:08.297 [main] INFO  testCases.TC002_LoginTest - *****Starting TC002_LoginTest****
12:05:11.435 [main] INFO  testCases.TC002_LoginTest - ****Finished TC_002_Logintest****
12:06:14.563 [main] INFO  testCases.TC001_AccountRegistrationTest - ***** Starting TC001_AccountRegistrationTest *****
12:06:15.262 [main] INFO  testCases.TC001_AccountRegistrationTest - Clicked on MyAccount Link...
12:06:15.864 [main] INFO  testCases.TC001_AccountRegistrationTest - Clicked on Register Link...
12:06:15.871 [main] INFO  testCases.TC001_AccountRegistrationTest - providing customer details...
12:06:18.026 [main] INFO  testCases.TC001_AccountRegistrationTest - Validating expected message
12:06:18.128 [main] INFO  testCases.TC001_AccountRegistrationTest - **** Finished Starting TC001_AccountRegistrationTest***** 
12:08:06.390 [main] INFO  testCases.TC002_LoginTest - *****Starting TC002_LoginTest****
12:08:09.319 [main] INFO  testCases.TC002_LoginTest - ****Finished TC_002_Logintest****
15:10:12.954 [main] INFO  testCases.TC001_AccountRegistrationTest - ***** Starting TC001_AccountRegistrationTest *****
15:10:13.319 [main] INFO  testCases.TC001_AccountRegistrationTest - Clicked on MyAccount Link...
15:10:13.985 [main] INFO  testCases.TC001_AccountRegistrationTest - Clicked on Register Link...
15:10:13.993 [main] INFO  testCases.TC001_AccountRegistrationTest - providing customer details...
15:10:16.416 [main] INFO  testCases.TC001_AccountRegistrationTest - Validating expected message
15:10:16.496 [main] INFO  testCases.TC001_AccountRegistrationTest - **** Finished Starting TC001_AccountRegistrationTest***** 
15:10:22.233 [main] INFO  testCases.TC002_LoginTest - *****Starting TC002_LoginTest****
15:10:24.615 [main] INFO  testCases.TC002_LoginTest - ****Finished TC_002_Logintest****
15:11:44.301 [main] INFO  testCases.TC001_AccountRegistrationTest - ***** Starting TC001_AccountRegistrationTest *****
15:11:45.167 [main] INFO  testCases.TC001_AccountRegistrationTest - Clicked on MyAccount Link...
15:11:45.847 [main] INFO  testCases.TC001_AccountRegistrationTest - Clicked on Register Link...
15:11:45.850 [main] INFO  testCases.TC001_AccountRegistrationTest - providing customer details...
15:11:48.313 [main] INFO  testCases.TC001_AccountRegistrationTest - Validating expected message
15:11:48.407 [main] INFO  testCases.TC001_AccountRegistrationTest - **** Finished Starting TC001_AccountRegistrationTest***** 
15:11:54.129 [main] INFO  testCases.TC002_LoginTest - *****Starting TC002_LoginTest****
15:31:05.395 [main] INFO  testCases.TC002_LoginTest - *****Starting TC002_LoginTest****
15:31:09.754 [main] INFO  testCases.TC002_LoginTest - ****Finished TC_002_Logintest****
19:18:10.439 [main] INFO  testCases.TC001_AccountRegistrationTest - ***** Starting TC001_AccountRegistrationTest *****
19:18:10.906 [main] INFO  testCases.TC001_AccountRegistrationTest - Clicked on MyAccount Link...
19:18:11.544 [main] INFO  testCases.TC001_AccountRegistrationTest - Clicked on Register Link...
19:18:11.581 [main] INFO  testCases.TC001_AccountRegistrationTest - providing customer details...
19:18:12.817 [main] INFO  testCases.TC001_AccountRegistrationTest - Validating expected message
19:18:13.874 [main] INFO  testCases.TC001_AccountRegistrationTest - **** Finished Starting TC001_AccountRegistrationTest***** 
19:18:17.357 [main] INFO  testCases.TC002_LoginTest - *****Starting TC002_LoginTest****
19:18:19.584 [main] INFO  testCases.TC002_LoginTest - ****Finished TC_002_Logintest****
19:18:41.542 [main] INFO  testCases.TC001_AccountRegistrationTest - ***** Starting TC001_AccountRegistrationTest *****
19:18:42.030 [main] INFO  testCases.TC001_AccountRegistrationTest - Clicked on MyAccount Link...
19:18:42.913 [main] INFO  testCases.TC001_AccountRegistrationTest - Clicked on Register Link...
19:18:42.917 [main] INFO  testCases.TC001_AccountRegistrationTest - providing customer details...
19:18:45.393 [main] INFO  testCases.TC001_AccountRegistrationTest - Validating expected message
19:18:45.471 [main] INFO  testCases.TC001_AccountRegistrationTest - **** Finished Starting TC001_AccountRegistrationTest***** 
19:18:48.670 [main] INFO  testCases.TC002_LoginTest - *****Starting TC002_LoginTest****
19:18:51.106 [main] INFO  testCases.TC002_LoginTest - ****Finished TC_002_Logintest****
19:19:55.051 [TestNG-tests-2] INFO  testCases.TC001_AccountRegistrationTest - ***** Starting TC001_AccountRegistrationTest *****
19:19:55.498 [TestNG-tests-1] INFO  testCases.TC001_AccountRegistrationTest - ***** Starting TC001_AccountRegistrationTest *****
