18:25:52.922 [main] INFO  testCases.TC002_LoginTest - *****Starting TC002_LoginTest****
18:25:55.033 [main] INFO  testCases.TC002_LoginTest - ****Finished TC_002_Logintest****
06:56:39.658 [main] INFO  testCases.TC001_AccountRegistrationTest - ***** Starting TC001_AccountRegistrationTest *****
06:56:43.949 [main] INFO  testCases.TC002_LoginTest - *****Starting TC002_LoginTest****
07:00:34.564 [main] INFO  testCases.TC001_AccountRegistrationTest - ***** Starting TC001_AccountRegistrationTest *****
07:00:35.308 [main] INFO  testCases.TC001_AccountRegistrationTest - Clicked on MyAccount Link...
07:00:35.882 [main] INFO  testCases.TC001_AccountRegistrationTest - Clicked on Register Link...
07:00:35.923 [main] INFO  testCases.TC001_AccountRegistrationTest - providing customer details...
07:00:38.223 [main] INFO  testCases.TC001_AccountRegistrationTest - Validating expected message
07:00:38.366 [main] INFO  testCases.TC001_AccountRegistrationTest - **** Finished Starting TC001_AccountRegistrationTest***** 
07:00:41.471 [main] INFO  testCases.TC002_LoginTest - *****Starting TC002_LoginTest****
07:00:44.668 [main] INFO  testCases.TC002_LoginTest - ****Finished TC_002_Logintest****
07:30:02.074 [main] INFO  testCases.TC001_AccountRegistrationTest - ***** Starting TC001_AccountRegistrationTest *****
07:30:02.879 [main] INFO  testCases.TC001_AccountRegistrationTest - Clicked on MyAccount Link...
07:30:05.158 [main] INFO  testCases.TC001_AccountRegistrationTest - Clicked on Register Link...
07:30:05.164 [main] INFO  testCases.TC001_AccountRegistrationTest - providing customer details...
07:30:13.175 [main] INFO  testCases.TC001_AccountRegistrationTest - Validating expected message
07:30:13.260 [main] INFO  testCases.TC001_AccountRegistrationTest - **** Finished Starting TC001_AccountRegistrationTest***** 
07:30:18.079 [main] INFO  testCases.TC002_LoginTest - *****Starting TC002_LoginTest****
07:30:20.943 [main] INFO  testCases.TC002_LoginTest - ****Finished TC_002_Logintest****
13:15:06.828 [main] INFO  testCases.TC001_AccountRegistrationTest - ***** Starting TC001_AccountRegistrationTest *****
13:15:07.623 [main] INFO  testCases.TC001_AccountRegistrationTest - Clicked on MyAccount Link...
13:15:08.531 [main] INFO  testCases.TC001_AccountRegistrationTest - Clicked on Register Link...
13:15:08.535 [main] INFO  testCases.TC001_AccountRegistrationTest - providing customer details...
13:15:10.673 [main] INFO  testCases.TC001_AccountRegistrationTest - Validating expected message
13:15:10.754 [main] INFO  testCases.TC001_AccountRegistrationTest - **** Finished Starting TC001_AccountRegistrationTest***** 
13:15:14.039 [main] INFO  testCases.TC002_LoginTest - *****Starting TC002_LoginTest****
13:15:16.520 [main] INFO  testCases.TC002_LoginTest - ****Finished TC_002_Logintest****
